c:\gamesdl\sdl2\sdl2\x64\debug\vc143.pdb
c:\gamesdl\sdl2\sdl2\x64\debug\vc143.idb
c:\gamesdl\sdl2\sdl2\x64\debug\main.obj
c:\gamesdl\sdl2\sdl2\x64\debug\commonfunc.obj
c:\gamesdl\sdl2\sdl2\x64\debug\baseobject.obj
c:\gamesdl\sdl2\sdl2\x64\debug\game_map.obj
c:\gamesdl\sdl2\sdl2\x64\debug\mainobject.obj
c:\gamesdl\sdl2\sdl2\x64\debug\imptimer.obj
c:\gamesdl\sdl2\sdl2\x64\debug\bulletobject.obj
c:\gamesdl\sdl2\sdl2\x64\debug\threatsobject.obj
c:\gamesdl\sdl2\sdl2\x64\debug\explosionobject.obj
c:\gamesdl\sdl2\sdl2\x64\debug\textobject.obj
c:\gamesdl\sdl2\sdl2\x64\debug\sdl2.ilk
c:\gamesdl\sdl2\sdl2\x64\debug\baseobjet.obj
c:\gamesdl\sdl2\sdl2\x64\debug\commonfucn.obj
c:\gamesdl\sdl2\sdl2\x64\debug\game_mapcpp.obj
c:\gamesdl\sdl2\sdl2\x64\debug\game_map.obj.enc
c:\gamesdl\sdl2\x64\debug\sdl2.pdb
c:\gamesdl\sdl2\sdl2\x64\debug\sdl2.tlog\cl.command.1.tlog
c:\gamesdl\sdl2\sdl2\x64\debug\sdl2.tlog\cl.items.tlog
c:\gamesdl\sdl2\sdl2\x64\debug\sdl2.tlog\cl.read.1.tlog
c:\gamesdl\sdl2\sdl2\x64\debug\sdl2.tlog\cl.write.1.tlog
c:\gamesdl\sdl2\sdl2\x64\debug\sdl2.tlog\link-cvtres.read.1.tlog
c:\gamesdl\sdl2\sdl2\x64\debug\sdl2.tlog\link-cvtres.write.1.tlog
c:\gamesdl\sdl2\sdl2\x64\debug\sdl2.tlog\link-rc.read.1.tlog
c:\gamesdl\sdl2\sdl2\x64\debug\sdl2.tlog\link-rc.write.1.tlog
c:\gamesdl\sdl2\sdl2\x64\debug\sdl2.tlog\link.17336-cvtres.read.1.tlog
c:\gamesdl\sdl2\sdl2\x64\debug\sdl2.tlog\link.17336-cvtres.write.1.tlog
c:\gamesdl\sdl2\sdl2\x64\debug\sdl2.tlog\link.17336-rc.read.1.tlog
c:\gamesdl\sdl2\sdl2\x64\debug\sdl2.tlog\link.17336-rc.write.1.tlog
c:\gamesdl\sdl2\sdl2\x64\debug\sdl2.tlog\link.17336.read.1.tlog
c:\gamesdl\sdl2\sdl2\x64\debug\sdl2.tlog\link.17336.read.2.tlog
c:\gamesdl\sdl2\sdl2\x64\debug\sdl2.tlog\link.17336.write.1.tlog
c:\gamesdl\sdl2\sdl2\x64\debug\sdl2.tlog\link.command.1.tlog
c:\gamesdl\sdl2\sdl2\x64\debug\sdl2.tlog\link.read.1.tlog
c:\gamesdl\sdl2\sdl2\x64\debug\sdl2.tlog\link.read.2.tlog
c:\gamesdl\sdl2\sdl2\x64\debug\sdl2.tlog\link.secondary.1.tlog
c:\gamesdl\sdl2\sdl2\x64\debug\sdl2.tlog\link.write.1.tlog
